<?xml version="1.0" encoding="UTF-8"?>
<testsuite name="com.mindex.challenge.ChallengeApplicationTests" tests="1" skipped="0" failures="0" errors="0" timestamp="2025-02-19T20:39:04" hostname="STUDIO" time="0.645">
  <properties/>
  <testcase name="testCreateReadCompensation" classname="com.mindex.challenge.ChallengeApplicationTests" time="0.645"/>
  <system-out><![CDATA[15:39:02.773 [Test worker] INFO org.springframework.test.context.support.AnnotationConfigContextLoaderUtils -- Could not detect default configuration classes for test class [com.mindex.challenge.ChallengeApplicationTests]: ChallengeApplicationTests does not declare any static, non-private, non-final, nested classes annotated with @Configuration.
15:39:02.839 [Test worker] INFO org.springframework.boot.test.context.SpringBootTestContextBootstrapper -- Found @SpringBootConfiguration com.mindex.challenge.ChallengeApplication for test class com.mindex.challenge.ChallengeApplicationTests

  .   ____          _            __ _ _
 /\\ / ___'_ __ _ _(_)_ __  __ _ \ \ \ \
( ( )\___ | '_ | '_| | '_ \/ _` | \ \ \ \
 \\/  ___)| |_)| | | | | || (_| |  ) ) ) )
  '  |____| .__|_| |_|_| |_\__, | / / / /
 =========|_|==============|___/=/_/_/_/
 :: Spring Boot ::                (v3.2.3)

2025-02-19T15:39:03.092-05:00  INFO 19172 --- [    Test worker] c.m.challenge.ChallengeApplicationTests  : Starting ChallengeApplicationTests using Java 21.0.6 with PID 19172 (started by fluha in C:\Users\fluha\OneDrive\Desktop\mindex-code-challenge)
2025-02-19T15:39:03.093-05:00 DEBUG 19172 --- [    Test worker] c.m.challenge.ChallengeApplicationTests  : Running with Spring Boot v3.2.3, Spring v6.1.4
2025-02-19T15:39:03.093-05:00  INFO 19172 --- [    Test worker] c.m.challenge.ChallengeApplicationTests  : No active profile set, falling back to 1 default profile: "default"
2025-02-19T15:39:03.377-05:00  INFO 19172 --- [    Test worker] .s.d.r.c.RepositoryConfigurationDelegate : Bootstrapping Spring Data MongoDB repositories in DEFAULT mode.
2025-02-19T15:39:03.403-05:00  INFO 19172 --- [    Test worker] .s.d.r.c.RepositoryConfigurationDelegate : Finished Spring Data repository scanning in 22 ms. Found 1 MongoDB repository interface.
2025-02-19T15:39:03.790-05:00  INFO 19172 --- [    Test worker] o.s.b.w.embedded.tomcat.TomcatWebServer  : Tomcat initialized with port 0 (http)
2025-02-19T15:39:03.803-05:00  INFO 19172 --- [    Test worker] o.apache.catalina.core.StandardService   : Starting service [Tomcat]
2025-02-19T15:39:03.804-05:00  INFO 19172 --- [    Test worker] o.apache.catalina.core.StandardEngine    : Starting Servlet engine: [Apache Tomcat/10.1.19]
2025-02-19T15:39:03.845-05:00  INFO 19172 --- [    Test worker] o.a.c.c.C.[Tomcat].[localhost].[/]       : Initializing Spring embedded WebApplicationContext
2025-02-19T15:39:03.846-05:00  INFO 19172 --- [    Test worker] w.s.c.ServletWebServerApplicationContext : Root WebApplicationContext: initialization completed in 738 ms
2025-02-19T15:39:04.006-05:00  INFO 19172 --- [    Test worker] de.bwaldvogel.mongo.MongoServer          : started MongoServer(port: 60110, ssl: false)
2025-02-19T15:39:04.088-05:00  INFO 19172 --- [    Test worker] org.mongodb.driver.client                : MongoClient with metadata {"driver": {"name": "mongo-java-driver|sync", "version": "4.11.1"}, "os": {"type": "Windows", "name": "Windows 11", "architecture": "amd64", "version": "10.0"}, "platform": "Java/Amazon.com Inc./21.0.6+7-LTS"} created with settings MongoClientSettings{readPreference=primary, writeConcern=WriteConcern{w=null, wTimeout=null ms, journal=null}, retryWrites=true, retryReads=true, readConcern=ReadConcern{level=null}, credential=null, transportSettings=null, streamFactoryFactory=null, commandListeners=[], codecRegistry=ProvidersCodecRegistry{codecProviders=[ValueCodecProvider{}, BsonValueCodecProvider{}, DBRefCodecProvider{}, DBObjectCodecProvider{}, DocumentCodecProvider{}, CollectionCodecProvider{}, IterableCodecProvider{}, MapCodecProvider{}, GeoJsonCodecProvider{}, GridFSFileCodecProvider{}, Jsr310CodecProvider{}, JsonObjectCodecProvider{}, BsonCodecProvider{}, EnumCodecProvider{}, com.mongodb.client.model.mql.ExpressionCodecProvider@34c62fdf, com.mongodb.Jep395RecordCodecProvider@3de79067, com.mongodb.KotlinCodecProvider@1eb85a47]}, loggerSettings=LoggerSettings{maxDocumentLength=1000}, clusterSettings={hosts=[127.0.0.1:60110], srvServiceName=mongodb, mode=SINGLE, requiredClusterType=UNKNOWN, requiredReplicaSetName='null', serverSelector='null', clusterListeners='[]', serverSelectionTimeout='30000 ms', localThreshold='15 ms'}, socketSettings=SocketSettings{connectTimeoutMS=10000, readTimeoutMS=0, receiveBufferSize=0, proxySettings=ProxySettings{host=null, port=null, username=null, password=null}}, heartbeatSocketSettings=SocketSettings{connectTimeoutMS=10000, readTimeoutMS=10000, receiveBufferSize=0, proxySettings=ProxySettings{host=null, port=null, username=null, password=null}}, connectionPoolSettings=ConnectionPoolSettings{maxSize=100, minSize=0, maxWaitTimeMS=120000, maxConnectionLifeTimeMS=0, maxConnectionIdleTimeMS=0, maintenanceInitialDelayMS=0, maintenanceFrequencyMS=60000, connectionPoolListeners=[], maxConnecting=2}, serverSettings=ServerSettings{heartbeatFrequencyMS=10000, minHeartbeatFrequencyMS=500, serverListeners='[]', serverMonitorListeners='[]'}, sslSettings=SslSettings{enabled=false, invalidHostNameAllowed=false, context=null}, applicationName='null', compressorList=[], uuidRepresentation=UNSPECIFIED, serverApi=null, autoEncryptionSettings=null, dnsClient=null, inetAddressResolver=null, contextProvider=null}
2025-02-19T15:39:04.096-05:00  INFO 19172 --- [-server-worker1] d.b.mongo.wire.MongoWireProtocolHandler  : client [id: 0x611223bc, L:/127.0.0.1:60110 - R:/127.0.0.1:60112] connected
2025-02-19T15:39:04.096-05:00  INFO 19172 --- [-server-worker2] d.b.mongo.wire.MongoWireProtocolHandler  : client [id: 0x18801477, L:/127.0.0.1:60110 - R:/127.0.0.1:60111] connected
2025-02-19T15:39:04.153-05:00  INFO 19172 --- [127.0.0.1:60110] org.mongodb.driver.cluster               : Monitor thread successfully connected to server with description ServerDescription{address=127.0.0.1:60110, type=STANDALONE, state=CONNECTED, ok=true, minWireVersion=0, maxWireVersion=6, maxDocumentSize=16777216, logicalSessionTimeoutMinutes=null, roundTripTimeNanos=64969800}
2025-02-19T15:39:04.589-05:00  INFO 19172 --- [-server-worker3] d.b.mongo.wire.MongoWireProtocolHandler  : client [id: 0xe563e107, L:/127.0.0.1:60110 - R:/127.0.0.1:60113] connected
2025-02-19T15:39:04.615-05:00  INFO 19172 --- [-server-worker3] d.b.mongo.backend.AbstractMongoBackend   : created database test
2025-02-19T15:39:04.619-05:00  INFO 19172 --- [-server-worker3] d.b.mongo.backend.AbstractMongoDatabase  : adding unique _id index for collection employee
2025-02-19T15:39:04.624-05:00  INFO 19172 --- [-server-worker3] d.b.mongo.backend.AbstractMongoDatabase  : created collection test.employee
2025-02-19T15:39:04.918-05:00  INFO 19172 --- [    Test worker] o.s.b.w.embedded.tomcat.TomcatWebServer  : Tomcat started on port 60115 (http) with context path ''
2025-02-19T15:39:04.924-05:00  INFO 19172 --- [    Test worker] c.m.challenge.ChallengeApplicationTests  : Started ChallengeApplicationTests in 1.995 seconds (process running for 2.608)
2025-02-19T15:39:05.482-05:00  INFO 19172 --- [o-auto-1-exec-1] o.a.c.c.C.[Tomcat].[localhost].[/]       : Initializing Spring DispatcherServlet 'dispatcherServlet'
2025-02-19T15:39:05.482-05:00  INFO 19172 --- [o-auto-1-exec-1] o.s.web.servlet.DispatcherServlet        : Initializing Servlet 'dispatcherServlet'
2025-02-19T15:39:05.483-05:00  INFO 19172 --- [o-auto-1-exec-1] o.s.web.servlet.DispatcherServlet        : Completed initialization in 0 ms
2025-02-19T15:39:05.511-05:00 DEBUG 19172 --- [o-auto-1-exec-1] c.m.c.controller.EmployeeController      : Received employee create request for [com.mindex.challenge.data.Employee@2b60bb09]
2025-02-19T15:39:05.512-05:00 DEBUG 19172 --- [o-auto-1-exec-1] c.m.c.service.impl.EmployeeServiceImpl   : Creating employee [com.mindex.challenge.data.Employee@2b60bb09]
2025-02-19T15:39:05.535-05:00 DEBUG 19172 --- [o-auto-1-exec-2] c.m.c.controller.EmployeeController      : Received compensation obtain request for id [bef11ad3-6277-4d97-88c9-22a46af6035d]
2025-02-19T15:39:05.536-05:00 DEBUG 19172 --- [o-auto-1-exec-2] c.m.c.service.impl.EmployeeServiceImpl   : Obtaining compensation for employee with id [bef11ad3-6277-4d97-88c9-22a46af6035d]
2025-02-19T15:39:05.569-05:00 DEBUG 19172 --- [    Test worker] c.m.challenge.ChallengeApplicationTests  : ***** Initial Compensation for [bef11ad3-6277-4d97-88c9-22a46af6035d] is [117200] starting on [Wed Feb 19 15:39:05 EST 2025]
2025-02-19T15:39:05.572-05:00 DEBUG 19172 --- [o-auto-1-exec-3] c.m.c.controller.EmployeeController      : Received employee compensation update request for [bef11ad3-6277-4d97-88c9-22a46af6035d]
2025-02-19T15:39:05.572-05:00 DEBUG 19172 --- [o-auto-1-exec-3] c.m.c.service.impl.EmployeeServiceImpl   : Updating employee [com.mindex.challenge.data.Employee@394af56b]
2025-02-19T15:39:05.575-05:00 DEBUG 19172 --- [    Test worker] c.m.challenge.ChallengeApplicationTests  : ***** Updated Compensation for [bef11ad3-6277-4d97-88c9-22a46af6035d] is [155250] starting on [Tue Feb 25 00:00:00 EST 2025]
]]></system-out>
  <system-err><![CDATA[WARNING: A Java agent has been loaded dynamically (C:\Users\fluha\.gradle\caches\modules-2\files-2.1\net.bytebuddy\byte-buddy-agent\1.14.12\be4984cb6fd1ef1d11f218a648889dfda44b8a15\byte-buddy-agent-1.14.12.jar)
WARNING: If a serviceability tool is in use, please run with -XX:+EnableDynamicAgentLoading to hide this warning
WARNING: If a serviceability tool is not in use, please run with -Djdk.instrument.traceUsage for more information
WARNING: Dynamic loading of agents will be disallowed by default in a future release
]]></system-err>
</testsuite>
